<?xml version="1.0" encoding="UTF-8"?>
<!-- Generated by org.testng.reporters.JUnitReportReporter -->
<testsuite skipped="0" hostname="monicas-MBP" name="testproject.test.AppTest" tests="1" failures="0" timestamp="16 Oct 2018 21:40:29 GMT" time="0.014" errors="0">
  <testcase name="shouldAnswerWithTrue" time="0.014" classname="testproject.test.AppTest"/>
</testsuite> <!-- testproject.test.AppTest -->
