<?xml version="1.0" encoding="UTF-8"?>
<!-- Generated by org.testng.reporters.JUnitReportReporter -->
<testsuite skipped="0" hostname="monicas-MBP" name="testgetsymbols.testgetsymbols.AppTest" tests="1" failures="0" timestamp="16 Oct 2018 21:49:55 GMT" time="0.011" errors="0">
  <testcase name="shouldAnswerWithTrue" time="0.011" classname="testgetsymbols.testgetsymbols.AppTest"/>
</testsuite> <!-- testgetsymbols.testgetsymbols.AppTest -->
