<?xml version="1.0" encoding="UTF-8"?>
<!-- Generated by org.testng.reporters.JUnitReportReporter -->
<testsuite skipped="0" hostname="monicas-MBP.fios-router.home" name="org.sonatype.examples.APITesting.AppTest" tests="1" failures="0" timestamp="09 Sep 2018 14:52:00 GMT" time="2.985" errors="0">
  <testcase name="shouldAnswerWithTrue" time="2.985" classname="org.sonatype.examples.APITesting.AppTest"/>
</testsuite> <!-- org.sonatype.examples.APITesting.AppTest -->
